<?xml version="1.0" encoding="UTF-8"?>
<testsuite name="ch.tbz.m326.BaenkliApplication.domainModells.user.Test" tests="1" skipped="0" failures="0" errors="0" timestamp="2021-01-12T12:43:46" hostname="WESTHAUSER" time="2.279">
  <properties/>
  <testcase name="findById()" classname="ch.tbz.m326.BaenkliApplication.domainModells.user.Test" time="2.279"/>
  <system-out><![CDATA[]]></system-out>
  <system-err><![CDATA[]]></system-err>
</testsuite>
